[2019-12-15 14:57:10] sql.INFO: [6.66] select * from `user` where `username` = '' limit 1 [] []
[2019-12-15 14:57:27] sql.INFO: [1.03] select * from `user` where `username` = 'mixdran' limit 1 [] []
[2019-12-15 14:57:43] sql.INFO: [0.96] select * from `user` where `username` = '' limit 1 [] []
[2019-12-15 14:57:47] sql.INFO: [0.83] select * from `user` where `username` = 'mixdran' limit 1 [] []
[2019-12-15 15:04:48] sql.INFO: [3.45] select * from `user` where `username` = 'mixdran' limit 1 [] []
[2019-12-15 15:05:01] sql.INFO: [0.97] select * from `user` where `username` = 'mixdran' limit 1 [] []
[2019-12-15 15:05:05] sql.INFO: [0.85] select * from `user` where `username` = 'mixdran' limit 1 [] []
[2019-12-15 15:05:08] sql.INFO: [0.77] select * from `user` where `username` = 'mixdran' limit 1 [] []
[2019-12-15 15:08:09] sql.INFO: [3.08] select * from `user` where `username` = '' limit 1 [] []
[2019-12-15 15:08:21] sql.INFO: [0.75] select * from `user` where `username` = '' limit 1 [] []
[2019-12-15 15:09:30] sql.INFO: [3.06] select * from `user` where `username` = 'mixdran' limit 1 [] []
[2019-12-15 15:09:33] sql.INFO: [0.96] select * from `user` where `username` = 'mixdran' limit 1 [] []
[2019-12-15 15:24:50] sql.INFO: [3.31] select * from `user` where `username` = 'mixdran' limit 1 [] []
[2019-12-15 15:24:55] sql.INFO: [2] select * from `user` where `username` = 'mixdran' limit 1 [] []
[2019-12-15 15:26:03] sql.INFO: [3.57] select * from `user` where `username` = 'mixdran' limit 1 [] []
[2019-12-15 15:45:42] sql.INFO: [4.32] select * from `user` where `username` = '' limit 1 [] []
[2019-12-15 15:45:55] sql.INFO: [0.91] select * from `user` where `username` = 'mixdran' limit 1 [] []
[2019-12-15 15:45:57] sql.INFO: [0.85] select * from `user` where `username` = 'mixdran' limit 1 [] []
[2019-12-15 15:47:58] sql.INFO: [3.71] select * from `user` where `username` = 'mixdran' limit 1 [] []
[2019-12-15 15:48:16] sql.INFO: [0.62] select * from `user` where `username` = '' limit 1 [] []
[2019-12-15 15:50:26] sql.INFO: [3.6] select * from `user` where `username` = 'mixdran' limit 1 [] []
[2019-12-15 15:50:33] sql.INFO: [1.37] select * from `user` where `username` = '' limit 1 [] []
[2019-12-15 15:54:47] sql.INFO: [3.79] select * from `user` where `username` = '' limit 1 [] []
[2019-12-15 15:55:48] sql.INFO: [5.43] select * from `user` where `username` = '' limit 1 [] []
[2019-12-15 15:55:55] sql.INFO: [0.69] select * from `user` where `username` = '' limit 1 [] []
[2019-12-15 15:56:13] sql.INFO: [1.06] select * from `user` where `username` = 'mixdran' limit 1 [] []
[2019-12-15 15:58:00] sql.INFO: [3.67] select * from `user` where `username` = 'mixdran' limit 1 [] []
[2019-12-15 15:58:05] sql.INFO: [1.85] select * from `user` where `username` = '' limit 1 [] []
[2019-12-15 16:08:05] sql.INFO: [4.07] select * from `user` where `username` = '' limit 1 [] []
[2019-12-15 16:09:23] sql.INFO: [4.37] select * from `user` where `username` = 'mixdran' limit 1 [] []
[2019-12-15 16:11:19] sql.INFO: [3.36] select * from `user` where `username` = 'mixdran' limit 1 [] []
[2019-12-15 16:41:29] sql.INFO: [3.6] select * from `user` where `username` = 'mixdran' limit 1 [] []
[2019-12-16 09:00:23] sql.INFO: [9.32] select * from `user` where `username` = 'hugo111' limit 1 [] []
[2019-12-16 09:00:23] sql.INFO: [3.83] insert into `user` (`UserName`, `PassWord`, `Email`, `Salt`, `CreateTime`) values ('hugo111', '42665qqq111hugo11142665', '', '42665', '1576458023') [] []
[2019-12-16 09:06:11] sql.INFO: [3.43] select * from `user` where `username` = 'hugo111' limit 1 [] []
[2019-12-16 09:06:11] sql.INFO: [4.1] insert into `user` (`UserName`, `PassWord`, `Email`, `Salt`, `CreateTime`) values ('hugo111', '5ab06b149c308b1a253e5422aeb1c4de', '', '35128', '1576458371') [] []
[2019-12-16 09:06:29] sql.INFO: [0.61] select * from `user` where `username` = '' limit 1 [] []
[2019-12-16 09:07:01] sql.INFO: [1.39] select * from `user` where `username` = 'hugo111' limit 1 [] []
[2019-12-16 09:07:48] sql.INFO: [5.11] select * from `user` where `username` = 'hugo111' limit 1 [] []
[2019-12-16 09:08:08] sql.INFO: [3.4] select * from `user` where `username` = 'hugo111' limit 1 [] []
[2019-12-16 09:09:35] sql.INFO: [2.44] select * from `user` where `username` = 'mixdran' limit 1 [] []
[2019-12-16 09:09:35] sql.INFO: [4.04] insert into `user` (`UserName`, `PassWord`, `Email`, `Salt`, `CreateTime`) values ('mixdran', 'e2a81888cb93595ea507e1a7d198c06a', '', '39462', '1576458575') [] []
[2019-12-16 09:13:58] sql.INFO: [4.01] select * from `user` where `username` = 'hugo111' limit 1 [] []
[2019-12-16 09:15:34] sql.INFO: [2.3] select * from `user` where `username` = 'hugo111' limit 1 [] []
[2019-12-16 09:15:34] sql.INFO: [3.5] insert into `user` (`UserName`, `PassWord`, `Email`, `Salt`, `CreateTime`) values ('hugo111', 'f533c890c9dd48cc2a95eb4bd5bf2aff', '', '78635', '1576458934') [] []
[2019-12-16 09:16:52] sql.INFO: [2.39] select * from `user` where `username` = 'mixdran' limit 1 [] []
[2019-12-16 09:16:52] sql.INFO: [3.63] insert into `user` (`UserName`, `PassWord`, `Email`, `Salt`, `CreateTime`) values ('mixdran', '09ea488895078ebddb2ba6f901d29e43', '', '12857', '1576459012') [] []
[2019-12-16 09:19:44] sql.INFO: [5.31] select * from `user` where `username` = 'hugo111' limit 1 [] []
[2019-12-16 09:19:44] sql.INFO: [2.63] insert into `user` (`UserName`, `PassWord`, `Email`, `Salt`, `CreateTime`) values ('hugo111', '267ede08d77f535953cb7c5cdaec7a6b', '', '59862', '1576459184') [] []
[2019-12-16 09:20:03] sql.INFO: [1.17] select * from `user` where `username` = 'hugo111' limit 1 [] []
[2019-12-16 11:00:35] sql.INFO: [4.27] select * from `user` where `username` = 'mixdran' limit 1 [] []
[2019-12-16 11:00:43] sql.INFO: [3.87] select * from `user` where `username` = 'hugo111' limit 1 [] []
[2019-12-16 11:01:55] sql.INFO: [3.55] select * from `user` where `username` = 'mixdran' limit 1 [] []
[2019-12-16 11:02:53] sql.INFO: [3.21] select * from `user` where `username` = 'hugo111' limit 1 [] []
[2019-12-16 11:04:37] sql.INFO: [4.54] select * from `user` where `username` = 'hugo111' limit 1 [] []
[2019-12-16 11:06:32] sql.INFO: [3.74] select * from `user` where `username` = 'hugo111' limit 1 [] []
[2019-12-16 11:06:59] sql.INFO: [1.3] select * from `user` where `username` = 'hugo111' limit 1 [] []
[2019-12-16 11:09:27] sql.INFO: [2.08] select * from `user` where `username` = 'hugo111' limit 1 [] []
[2019-12-16 11:12:29] sql.INFO: [2.89] select * from `user` where `username` = 'hugo111' limit 1 [] []
[2019-12-16 11:12:48] sql.INFO: [0.98] select * from `user` where `username` = 'hugo111' limit 1 [] []
[2019-12-16 11:48:24] sql.INFO: [4.05] select * from `user` where `username` = 'mixdran' limit 1 [] []
[2019-12-16 11:48:34] sql.INFO: [0.92] select * from `user` where `username` = 'hugo111' limit 1 [] []
[2019-12-16 12:06:42] sql.INFO: [3.74] select * from `user` where `username` = 'hugo111' limit 1 [] []
[2019-12-16 12:14:43] sql.INFO: [3.89] select * from `user` where `username` = 'mixdran' limit 1 [] []
[2019-12-16 12:14:50] sql.INFO: [0.89] select * from `user` where `username` = 'hugo111' limit 1 [] []
[2019-12-16 12:16:08] sql.INFO: [3.21] select * from `user` where `username` = 'hugo111' limit 1 [] []
[2019-12-16 12:46:04] sql.INFO: [5.63] select * from `user` where `username` = 'hugo111' limit 1 [] []
[2019-12-16 12:47:17] sql.INFO: [3.33] select * from `user` where `username` = 'hugo111' limit 1 [] []
[2019-12-16 13:00:54] sql.INFO: [5.36] select * from `user` where `username` = 'hugo111' limit 1 [] []
[2019-12-16 14:02:19] sql.INFO: [3.59] select * from `user` where `username` = 'hugo111' limit 1 [] []
[2019-12-16 14:06:14] sql.INFO: [3.32] select * from `user` where `username` = 'hugo111' limit 1 [] []
[2019-12-16 14:07:01] sql.INFO: [0.86] select * from `user` where `username` = 'hugo111' limit 1 [] []
[2019-12-16 14:08:00] sql.INFO: [1.15] select * from `user` where `username` = 'hugo111' limit 1 [] []
[2019-12-16 14:09:43] sql.INFO: [3.57] select * from `user` where `username` = 'hugo111' limit 1 [] []
[2019-12-16 14:12:47] sql.INFO: [2.85] select * from `user` where `username` = 'hugo111' limit 1 [] []
[2019-12-16 14:14:05] sql.INFO: [5.42] select * from `user` where `username` = 'hugo111' limit 1 [] []
[2019-12-16 14:14:47] sql.INFO: [3.5] select * from `user` where `username` = 'hugo111' limit 1 [] []
[2019-12-16 14:16:23] sql.INFO: [1.82] select * from `user` where `username` = 'mixdran' limit 1 [] []
[2019-12-16 14:16:27] sql.INFO: [0.63] select * from `user` where `username` = 'hugo111' limit 1 [] []
[2019-12-16 14:18:24] sql.INFO: [3.28] select * from `user` where `username` = 'hugo111' limit 1 [] []
[2019-12-16 14:19:06] sql.INFO: [3.72] select * from `user` where `username` = 'hugo111' limit 1 [] []
[2019-12-16 14:19:30] sql.INFO: [3.34] select * from `user` where `username` = 'hugo111' limit 1 [] []
[2019-12-16 14:22:18] sql.INFO: [2.74] select * from `user` where `username` = 'hugo111' limit 1 [] []
[2019-12-16 14:23:47] sql.INFO: [3.72] select * from `user` where `username` = 'hugo111' limit 1 [] []
[2019-12-16 14:39:31] sql.INFO: [2.17] select * from `user` where `username` = 'hugo111' limit 1 [] []
[2019-12-16 15:40:17] sql.INFO: [4.38] select * from `user` where `username` = 'hugo111' limit 1 [] []
[2019-12-16 15:40:42] sql.INFO: [0.92] select * from `user` where `username` = 'hugo111' limit 1 [] []
[2019-12-16 15:41:29] sql.INFO: [1.11] select * from `user` where `username` = 'hugo111' limit 1 [] []
[2019-12-16 15:42:21] sql.INFO: [1.11] select * from `user` where `username` = 'mixdran' limit 1 [] []
[2019-12-16 15:42:26] sql.INFO: [0.91] select * from `user` where `username` = 'hugo111' limit 1 [] []
[2019-12-16 15:43:04] sql.INFO: [2.3] select * from `user` where `username` = 'hugo111' limit 1 [] []
[2019-12-16 15:46:42] sql.INFO: [4.37] select * from `user` where `username` = 'hugo111' limit 1 [] []
[2019-12-16 16:02:23] sql.INFO: [4.31] select * from `user` where `username` = 'hugo111' limit 1 [] []
[2019-12-16 16:19:12] sql.INFO: [4.47] select * from `user` where `username` = 'hugo111' limit 1 [] []
[2019-12-16 17:02:57] sql.INFO: [6.22] select * from `user` where `username` = 'hugo111' limit 1 [] []
[2019-12-16 17:08:30] sql.INFO: [3.23] select * from `user` where `username` = 'hugo111' limit 1 [] []
[2019-12-16 17:37:11] sql.INFO: [3.03] select * from `user` where `username` = 'mixdran' limit 1 [] []
[2019-12-16 17:37:16] sql.INFO: [1.03] select * from `user` where `username` = 'hugo111' limit 1 [] []
[2019-12-16 17:47:47] sql.INFO: [5.1] select * from `user` where `username` = 'hugo111' limit 1 [] []
[2019-12-17 08:49:40] sql.INFO: [4.59] select * from `user` where `username` = 'mixdran' limit 1 [] []
[2019-12-17 08:49:45] sql.INFO: [0.75] select * from `user` where `username` = 'hugo111' limit 1 [] []
[2019-12-17 09:44:59] sql.INFO: [3.62] select * from `user` where `UserName` = 'hugo111' limit 1 [] []
[2019-12-17 10:23:14] sql.INFO: [5.17] select * from `user` where `UserName` = 'mixdran' limit 1 [] []
[2019-12-17 10:23:14] sql.INFO: [2.52] insert into `user` (`UserName`, `PassWord`, `Email`, `Salt`, `CreateTime`) values ('mixdran', '325e7a7689727c05d52aab9fe0d39fed', '', '64227', '1576549394') [] []
[2019-12-17 10:23:20] sql.INFO: [2.06] select * from `user` where `UserName` = 'mixdran' limit 1 [] []
[2019-12-17 11:28:55] sql.INFO: [5.86] select * from `user` where `UserName` = 'mixdran' limit 1 [] []
[2019-12-17 11:47:51] sql.INFO: [4.04] select * from `user` where `UserName` = 'mixdran' limit 1 [] []
[2019-12-17 12:03:18] sql.INFO: [3.76] select * from `user` where `UserName` = 'hugo111' limit 1 [] []
[2019-12-17 12:14:15] sql.INFO: [13.07] select * from `user` where `UserName` = 'hugo111' limit 1 [] []
[2019-12-17 12:16:04] sql.INFO: [3.63] select * from `user` where `UserName` = 'hugo111' limit 1 [] []
[2019-12-17 14:54:21] sql.INFO: [6.32] select * from `user` where `UserName` = 'hugo111' limit 1 [] []
[2019-12-17 15:54:45] sql.INFO: [7.65] select * from `user` where `UserName` = 'hugo111' limit 1 [] []
[2019-12-17 15:55:22] sql.INFO: [2.53] select * from `user` where `UserName` = 'mixdran' limit 1 [] []
[2019-12-17 15:59:19] sql.INFO: [4.65] select * from `user` where `UserName` = 'hugo111' limit 1 [] []
[2019-12-17 15:59:39] sql.INFO: [0.96] select * from `user` where `UserName` = 'mixdran' limit 1 [] []
[2019-12-17 16:17:21] sql.INFO: [5.83] select * from `user` where `UserName` = 'mixdran' limit 1 [] []
[2019-12-17 16:17:29] sql.INFO: [1.08] select * from `user` where `UserName` = 'hugo111' limit 1 [] []
[2019-12-18 09:54:01] sql.INFO: [7.82] select * from `user` where `UserName` = 'hugo111' limit 1 [] []
[2019-12-18 10:19:49] sql.INFO: [5.37] select * from `user` where `UserName` = 'hugo111' limit 1 [] []
[2019-12-18 11:06:44] sql.INFO: [5.86] select * from `user` where `UserName` = 'hugo111' limit 1 [] []
[2019-12-18 11:54:46] sql.INFO: [4.84] select * from `user` where `UserName` = 'hugo111' limit 1 [] []
[2019-12-18 12:14:32] sql.INFO: [4.36] select * from `user` where `UserName` = 'hugo111' limit 1 [] []
[2019-12-18 12:31:58] sql.INFO: [4.69] update `user` set `Avatar` = '20190703145.jpg' where `id` is null [] []
[2019-12-18 12:35:50] sql.INFO: [5.54] update `user` set `Avatar` = '20190703145.jpg' where `id` = '1' [] []
[2019-12-18 12:38:14] sql.INFO: [6.58] update `user` set `Avatar` = '20190703145.jpg' where `id` = '1' [] []
[2019-12-18 12:41:02] sql.INFO: [9.24] update `user` set `Avatar` = '20190703146.jpg', `Email` = '20190703146.jpg' where `id` = '1' [] []
[2019-12-18 12:43:45] sql.INFO: [5.13] update `user` set `Avatar` = '20190703134.jpg', `Email` = '20190703134.jpg' where `id` = '1' [] []
[2019-12-18 12:59:03] sql.INFO: [3.93] select * from `user` where `UserName` = 'hugo111' limit 1 [] []
[2019-12-18 13:00:46] sql.INFO: [3.53] select * from `user` where `UserName` = 'hugo111' limit 1 [] []
[2019-12-18 13:00:59] sql.INFO: [4.05] update `user` set `Avatar` = '20190703134.jpg', `Email` = 'mixdran@gmail.com' where `id` = '1' [] []
[2019-12-18 13:00:59] sql.INFO: [0.71] select * from `user` where `id` is null limit 1 [] []
[2019-12-18 13:01:15] sql.INFO: [2.23] update `user` set `Avatar` = '20190703145.jpg' where `id` is null [] []
[2019-12-18 13:14:10] sql.INFO: [3.24] update `user` set `Avatar` = '20190703151.jpg', `Email` = 'mixdran@gmail.com' where `id` is null [] []
[2019-12-18 13:14:28] sql.INFO: [2.86] update `user` set `Avatar` = '20190703151.jpg', `Email` = 'mixdran@gmail.com' where `id` is null [] []
[2019-12-18 13:15:14] sql.INFO: [3.27] select * from `user` where `UserName` = 'hugo111' limit 1 [] []
[2019-12-18 13:15:56] sql.INFO: [3.6] select * from `user` where `UserName` = 'hugo111' limit 1 [] []
[2019-12-18 13:16:12] sql.INFO: [4.43] update `user` set `Avatar` = '20190703145.jpg', `Email` = 'mixdran@gmail.com' where `id` = '1' [] []
[2019-12-18 13:16:12] sql.INFO: [0.72] select * from `user` where `id` is null limit 1 [] []
[2019-12-18 13:17:07] sql.INFO: [3.21] select * from `user` where `UserName` = 'mixdran' limit 1 [] []
[2019-12-18 13:17:25] sql.INFO: [3.42] update `user` set `Avatar` = '20190703147.jpg', `Email` = 'mixdran@gmail.com' where `id` = '2' [] []
[2019-12-18 13:17:25] sql.INFO: [0.65] select * from `user` where `id` = '2' limit 1 [] []
[2019-12-18 13:18:41] sql.INFO: [4.99] update `user` set `Salt` = '63880', `PassWord` = '125de3493a1cebfb9a8117e7a18463f0', `Email` = 'mixdran@gmail.com' where `id` = '2' [] []
[2019-12-18 13:18:41] sql.INFO: [1.72] select * from `user` where `id` = '2' limit 1 [] []
[2019-12-18 13:32:29] sql.INFO: [3.19] select * from `user` where `UserName` = 'hugo111' limit 1 [] []
[2019-12-18 13:42:03] sql.INFO: [3.37] select `Avatar` from `user` where `id` = '1' limit 1 [] []
[2019-12-18 13:42:07] sql.INFO: [0.87] select `Avatar` from `user` where `id` = '1' limit 1 [] []
[2019-12-18 13:42:08] sql.INFO: [0.84] select `Avatar` from `user` where `id` = '1' limit 1 [] []
[2019-12-18 13:42:13] sql.INFO: [0.9] select `Avatar` from `user` where `id` = '1' limit 1 [] []
[2019-12-18 13:42:13] sql.INFO: [0.9] select `Avatar` from `user` where `id` = '1' limit 1 [] []
[2019-12-18 13:42:14] sql.INFO: [0.89] select `Avatar` from `user` where `id` = '1' limit 1 [] []
[2019-12-18 13:42:18] sql.INFO: [1.04] select `Avatar` from `user` where `id` = '1' limit 1 [] []
[2019-12-18 13:42:19] sql.INFO: [0.68] select `Avatar` from `user` where `id` = '1' limit 1 [] []
[2019-12-18 13:42:23] sql.INFO: [1.52] select `Avatar` from `user` where `id` = '1' limit 1 [] []
[2019-12-18 13:42:24] sql.INFO: [0.72] select `Avatar` from `user` where `id` = '1' limit 1 [] []
[2019-12-18 13:42:27] sql.INFO: [0.82] select `Avatar` from `user` where `id` = '1' limit 1 [] []
[2019-12-18 13:42:29] sql.INFO: [0.71] select `Avatar` from `user` where `id` = '1' limit 1 [] []
[2019-12-18 13:42:33] sql.INFO: [1.08] select `Avatar` from `user` where `id` = '1' limit 1 [] []
[2019-12-18 13:42:34] sql.INFO: [0.76] select `Avatar` from `user` where `id` = '1' limit 1 [] []
[2019-12-18 13:42:38] sql.INFO: [1.08] select `Avatar` from `user` where `id` = '1' limit 1 [] []
[2019-12-18 13:42:39] sql.INFO: [0.84] select `Avatar` from `user` where `id` = '1' limit 1 [] []
[2019-12-18 13:42:42] sql.INFO: [0.99] select `Avatar` from `user` where `id` = '1' limit 1 [] []
[2019-12-18 13:43:31] sql.INFO: [0.59] select `Avatar` from `user` where `id` = '1' limit 1 [] []
[2019-12-18 13:43:36] sql.INFO: [0.72] select `Avatar` from `user` where `id` = '1' limit 1 [] []
[2019-12-18 13:51:37] sql.INFO: [2.58] select `Avatar` from `user` where `id` = '1' limit 1 [] []
[2019-12-18 13:51:42] sql.INFO: [1.08] select `Avatar` from `user` where `id` = '2' limit 1 [] []
[2019-12-18 13:51:52] sql.INFO: [1.02] select `Avatar` from `user` where `id` = '2' limit 1 [] []
[2019-12-18 13:51:57] sql.INFO: [0.59] select `Avatar` from `user` where `id` = '2' limit 1 [] []
[2019-12-18 13:52:02] sql.INFO: [0.69] select `Avatar` from `user` where `id` = '2' limit 1 [] []
[2019-12-18 13:52:07] sql.INFO: [0.74] select `Avatar` from `user` where `id` = '2' limit 1 [] []
[2019-12-18 13:52:12] sql.INFO: [0.58] select `Avatar` from `user` where `id` = '2' limit 1 [] []
[2019-12-18 13:52:17] sql.INFO: [0.87] select `Avatar` from `user` where `id` = '2' limit 1 [] []
[2019-12-18 13:52:22] sql.INFO: [0.84] select `Avatar` from `user` where `id` = '2' limit 1 [] []
[2019-12-18 13:52:27] sql.INFO: [0.61] select `Avatar` from `user` where `id` = '2' limit 1 [] []
[2019-12-18 13:52:32] sql.INFO: [1.66] select `Avatar` from `user` where `id` = '2' limit 1 [] []
[2019-12-18 13:52:37] sql.INFO: [0.79] select `Avatar` from `user` where `id` = '2' limit 1 [] []
[2019-12-18 13:52:42] sql.INFO: [0.82] select `Avatar` from `user` where `id` = '2' limit 1 [] []
[2019-12-18 13:52:47] sql.INFO: [1.76] select `Avatar` from `user` where `id` = '2' limit 1 [] []
[2019-12-18 13:52:52] sql.INFO: [2.71] select `Avatar` from `user` where `id` = '2' limit 1 [] []
[2019-12-18 13:52:57] sql.INFO: [0.97] select `Avatar` from `user` where `id` = '2' limit 1 [] []
[2019-12-18 13:53:02] sql.INFO: [0.95] select `Avatar` from `user` where `id` = '2' limit 1 [] []
[2019-12-18 13:53:07] sql.INFO: [0.79] select `Avatar` from `user` where `id` = '2' limit 1 [] []
[2019-12-18 13:53:12] sql.INFO: [0.94] select `Avatar` from `user` where `id` = '2' limit 1 [] []
[2019-12-18 13:53:17] sql.INFO: [2.21] select `Avatar` from `user` where `id` = '2' limit 1 [] []
[2019-12-18 13:53:22] sql.INFO: [0.71] select `Avatar` from `user` where `id` = '2' limit 1 [] []
[2019-12-18 13:53:27] sql.INFO: [0.68] select `Avatar` from `user` where `id` = '2' limit 1 [] []
[2019-12-18 13:53:32] sql.INFO: [1.84] select `Avatar` from `user` where `id` = '2' limit 1 [] []
[2019-12-18 13:53:37] sql.INFO: [0.8] select `Avatar` from `user` where `id` = '2' limit 1 [] []
[2019-12-18 13:53:42] sql.INFO: [0.86] select `Avatar` from `user` where `id` = '2' limit 1 [] []
[2019-12-18 13:53:47] sql.INFO: [0.78] select `Avatar` from `user` where `id` = '2' limit 1 [] []
[2019-12-18 13:53:52] sql.INFO: [0.84] select `Avatar` from `user` where `id` = '2' limit 1 [] []
[2019-12-18 13:53:57] sql.INFO: [0.96] select `Avatar` from `user` where `id` = '2' limit 1 [] []
[2019-12-18 13:54:02] sql.INFO: [1.02] select `Avatar` from `user` where `id` = '2' limit 1 [] []
[2019-12-18 13:54:07] sql.INFO: [0.83] select `Avatar` from `user` where `id` = '2' limit 1 [] []
[2019-12-18 13:54:12] sql.INFO: [0.84] select `Avatar` from `user` where `id` = '2' limit 1 [] []
[2019-12-18 13:54:17] sql.INFO: [0.71] select `Avatar` from `user` where `id` = '2' limit 1 [] []
[2019-12-18 13:54:22] sql.INFO: [0.95] select `Avatar` from `user` where `id` = '2' limit 1 [] []
[2019-12-18 13:54:27] sql.INFO: [0.84] select `Avatar` from `user` where `id` = '2' limit 1 [] []
[2019-12-18 13:54:32] sql.INFO: [0.91] select `Avatar` from `user` where `id` = '2' limit 1 [] []
[2019-12-18 13:54:37] sql.INFO: [0.82] select `Avatar` from `user` where `id` = '2' limit 1 [] []
[2019-12-18 13:54:42] sql.INFO: [0.82] select `Avatar` from `user` where `id` = '2' limit 1 [] []
[2019-12-18 13:54:47] sql.INFO: [0.77] select `Avatar` from `user` where `id` = '2' limit 1 [] []
[2019-12-18 13:54:52] sql.INFO: [0.99] select `Avatar` from `user` where `id` = '2' limit 1 [] []
[2019-12-18 13:54:57] sql.INFO: [0.83] select `Avatar` from `user` where `id` = '2' limit 1 [] []
[2019-12-18 13:55:02] sql.INFO: [1] select `Avatar` from `user` where `id` = '2' limit 1 [] []
[2019-12-18 13:55:07] sql.INFO: [2.92] select `Avatar` from `user` where `id` = '2' limit 1 [] []
[2019-12-18 13:55:12] sql.INFO: [0.77] select `Avatar` from `user` where `id` = '2' limit 1 [] []
[2019-12-18 13:55:17] sql.INFO: [0.84] select `Avatar` from `user` where `id` = '2' limit 1 [] []
[2019-12-18 13:55:22] sql.INFO: [0.73] select `Avatar` from `user` where `id` = '2' limit 1 [] []
[2019-12-18 13:55:27] sql.INFO: [0.84] select `Avatar` from `user` where `id` = '2' limit 1 [] []
[2019-12-18 13:55:32] sql.INFO: [1.01] select `Avatar` from `user` where `id` = '2' limit 1 [] []
[2019-12-18 13:55:37] sql.INFO: [0.72] select `Avatar` from `user` where `id` = '2' limit 1 [] []
[2019-12-18 13:55:42] sql.INFO: [0.68] select `Avatar` from `user` where `id` = '2' limit 1 [] []
[2019-12-18 13:55:47] sql.INFO: [0.83] select `Avatar` from `user` where `id` = '2' limit 1 [] []
[2019-12-18 13:55:52] sql.INFO: [1.06] select `Avatar` from `user` where `id` = '2' limit 1 [] []
[2019-12-18 13:55:57] sql.INFO: [1.09] select `Avatar` from `user` where `id` = '2' limit 1 [] []
[2019-12-18 13:56:02] sql.INFO: [0.9] select `Avatar` from `user` where `id` = '2' limit 1 [] []
[2019-12-18 13:56:07] sql.INFO: [0.94] select `Avatar` from `user` where `id` = '2' limit 1 [] []
[2019-12-18 13:56:12] sql.INFO: [0.89] select `Avatar` from `user` where `id` = '2' limit 1 [] []
[2019-12-18 13:56:28] sql.INFO: [0.87] select `Avatar` from `user` where `id` = '2' limit 1 [] []
[2019-12-18 13:56:33] sql.INFO: [1.04] select `Avatar` from `user` where `id` = '2' limit 1 [] []
[2019-12-18 13:56:38] sql.INFO: [0.67] select `Avatar` from `user` where `id` = '2' limit 1 [] []
[2019-12-18 13:56:43] sql.INFO: [0.85] select `Avatar` from `user` where `id` = '2' limit 1 [] []
[2019-12-18 13:56:48] sql.INFO: [0.62] select `Avatar` from `user` where `id` = '2' limit 1 [] []
[2019-12-18 13:56:53] sql.INFO: [2.48] select `Avatar` from `user` where `id` = '2' limit 1 [] []
[2019-12-18 13:56:58] sql.INFO: [0.54] select `Avatar` from `user` where `id` = '2' limit 1 [] []
[2019-12-18 13:57:03] sql.INFO: [0.85] select `Avatar` from `user` where `id` = '2' limit 1 [] []
[2019-12-18 13:57:08] sql.INFO: [0.71] select `Avatar` from `user` where `id` = '2' limit 1 [] []
[2019-12-18 13:57:13] sql.INFO: [0.96] select `Avatar` from `user` where `id` = '2' limit 1 [] []
[2019-12-18 13:57:18] sql.INFO: [0.75] select `Avatar` from `user` where `id` = '2' limit 1 [] []
[2019-12-18 13:57:23] sql.INFO: [0.78] select `Avatar` from `user` where `id` = '2' limit 1 [] []
[2019-12-18 13:57:28] sql.INFO: [0.81] select `Avatar` from `user` where `id` = '2' limit 1 [] []
[2019-12-18 13:57:33] sql.INFO: [1.22] select `Avatar` from `user` where `id` = '2' limit 1 [] []
[2019-12-18 13:57:38] sql.INFO: [0.77] select `Avatar` from `user` where `id` = '2' limit 1 [] []
[2019-12-18 13:57:43] sql.INFO: [1.13] select `Avatar` from `user` where `id` = '2' limit 1 [] []
[2019-12-18 13:57:48] sql.INFO: [1.19] select `Avatar` from `user` where `id` = '2' limit 1 [] []
[2019-12-18 13:57:53] sql.INFO: [0.53] select `Avatar` from `user` where `id` = '2' limit 1 [] []
[2019-12-18 13:57:58] sql.INFO: [1.03] select `Avatar` from `user` where `id` = '2' limit 1 [] []
[2019-12-18 13:58:03] sql.INFO: [0.85] select `Avatar` from `user` where `id` = '2' limit 1 [] []
[2019-12-18 13:58:08] sql.INFO: [0.62] select `Avatar` from `user` where `id` = '2' limit 1 [] []
[2019-12-18 13:58:13] sql.INFO: [0.71] select `Avatar` from `user` where `id` = '2' limit 1 [] []
[2019-12-18 13:58:18] sql.INFO: [1.94] select `Avatar` from `user` where `id` = '2' limit 1 [] []
[2019-12-18 14:05:13] sql.INFO: [2.75] select `Avatar` from `user` where `id` = '2' limit 1 [] []
[2019-12-18 14:05:18] sql.INFO: [0.84] select `Avatar` from `user` where `id` = '2' limit 1 [] []
[2019-12-18 14:05:23] sql.INFO: [1.01] select `Avatar` from `user` where `id` = '2' limit 1 [] []
[2019-12-18 14:05:28] sql.INFO: [0.71] select `Avatar` from `user` where `id` = '2' limit 1 [] []
[2019-12-18 14:05:33] sql.INFO: [0.97] select `Avatar` from `user` where `id` = '2' limit 1 [] []
[2019-12-18 14:05:38] sql.INFO: [1.08] select `Avatar` from `user` where `id` = '2' limit 1 [] []
[2019-12-18 14:05:43] sql.INFO: [0.85] select `Avatar` from `user` where `id` = '2' limit 1 [] []
[2019-12-18 14:05:48] sql.INFO: [0.88] select `Avatar` from `user` where `id` = '2' limit 1 [] []
[2019-12-18 14:05:53] sql.INFO: [1.04] select `Avatar` from `user` where `id` = '2' limit 1 [] []
[2019-12-18 14:05:58] sql.INFO: [0.79] select `Avatar` from `user` where `id` = '2' limit 1 [] []
[2019-12-18 14:06:03] sql.INFO: [1.18] select `Avatar` from `user` where `id` = '2' limit 1 [] []
[2019-12-18 14:06:08] sql.INFO: [1.1] select `Avatar` from `user` where `id` = '2' limit 1 [] []
[2019-12-18 14:06:13] sql.INFO: [0.83] select `Avatar` from `user` where `id` = '2' limit 1 [] []
[2019-12-18 14:06:18] sql.INFO: [0.86] select `Avatar` from `user` where `id` = '2' limit 1 [] []
[2019-12-18 14:06:23] sql.INFO: [0.78] select `Avatar` from `user` where `id` = '2' limit 1 [] []
[2019-12-18 14:06:28] sql.INFO: [0.88] select `Avatar` from `user` where `id` = '2' limit 1 [] []
[2019-12-18 14:06:33] sql.INFO: [1.16] select `Avatar` from `user` where `id` = '2' limit 1 [] []
[2019-12-18 14:06:38] sql.INFO: [0.78] select `Avatar` from `user` where `id` = '2' limit 1 [] []
[2019-12-18 14:06:43] sql.INFO: [1.1] select `Avatar` from `user` where `id` = '2' limit 1 [] []
[2019-12-18 14:06:48] sql.INFO: [0.88] select `Avatar` from `user` where `id` = '2' limit 1 [] []
[2019-12-18 14:06:53] sql.INFO: [0.66] select `Avatar` from `user` where `id` = '2' limit 1 [] []
[2019-12-18 14:06:58] sql.INFO: [2.44] select `Avatar` from `user` where `id` = '2' limit 1 [] []
[2019-12-18 14:07:03] sql.INFO: [0.85] select `Avatar` from `user` where `id` = '2' limit 1 [] []
[2019-12-18 14:07:08] sql.INFO: [0.83] select `Avatar` from `user` where `id` = '2' limit 1 [] []
[2019-12-18 14:07:13] sql.INFO: [0.56] select `Avatar` from `user` where `id` = '2' limit 1 [] []
[2019-12-18 14:07:18] sql.INFO: [0.95] select `Avatar` from `user` where `id` = '2' limit 1 [] []
[2019-12-18 14:07:23] sql.INFO: [0.77] select `Avatar` from `user` where `id` = '2' limit 1 [] []
[2019-12-18 14:07:28] sql.INFO: [1.55] select `Avatar` from `user` where `id` = '2' limit 1 [] []
[2019-12-18 14:07:33] sql.INFO: [0.78] select `Avatar` from `user` where `id` = '2' limit 1 [] []
[2019-12-18 14:07:38] sql.INFO: [0.83] select `Avatar` from `user` where `id` = '2' limit 1 [] []
[2019-12-18 14:07:47] sql.INFO: [0.74] select `Avatar` from `user` where `id` = '2' limit 1 [] []
[2019-12-18 14:08:03] sql.INFO: [0.79] select `Avatar` from `user` where `id` = '2' limit 1 [] []
[2019-12-18 14:08:08] sql.INFO: [2.11] select `Avatar` from `user` where `id` = '2' limit 1 [] []
[2019-12-18 14:08:13] sql.INFO: [0.77] select `Avatar` from `user` where `id` = '2' limit 1 [] []
[2019-12-18 14:08:18] sql.INFO: [0.97] select `Avatar` from `user` where `id` = '2' limit 1 [] []
[2019-12-18 14:08:23] sql.INFO: [0.89] select `Avatar` from `user` where `id` = '2' limit 1 [] []
[2019-12-18 14:08:28] sql.INFO: [0.78] select `Avatar` from `user` where `id` = '2' limit 1 [] []
[2019-12-18 14:08:33] sql.INFO: [0.66] select `Avatar` from `user` where `id` = '2' limit 1 [] []
[2019-12-18 14:08:38] sql.INFO: [0.76] select `Avatar` from `user` where `id` = '2' limit 1 [] []
[2019-12-18 14:08:43] sql.INFO: [0.66] select `Avatar` from `user` where `id` = '2' limit 1 [] []
[2019-12-18 14:08:48] sql.INFO: [0.64] select `Avatar` from `user` where `id` = '2' limit 1 [] []
[2019-12-18 14:08:53] sql.INFO: [0.82] select `Avatar` from `user` where `id` = '2' limit 1 [] []
[2019-12-18 14:08:58] sql.INFO: [0.8] select `Avatar` from `user` where `id` = '2' limit 1 [] []
[2019-12-18 14:09:03] sql.INFO: [0.83] select `Avatar` from `user` where `id` = '2' limit 1 [] []
[2019-12-18 14:09:08] sql.INFO: [0.66] select `Avatar` from `user` where `id` = '2' limit 1 [] []
[2019-12-18 14:09:13] sql.INFO: [0.88] select `Avatar` from `user` where `id` = '2' limit 1 [] []
[2019-12-18 14:09:18] sql.INFO: [0.54] select `Avatar` from `user` where `id` = '2' limit 1 [] []
[2019-12-18 14:09:23] sql.INFO: [0.72] select `Avatar` from `user` where `id` = '2' limit 1 [] []
[2019-12-18 14:09:28] sql.INFO: [0.77] select `Avatar` from `user` where `id` = '2' limit 1 [] []
[2019-12-18 14:09:33] sql.INFO: [0.85] select `Avatar` from `user` where `id` = '2' limit 1 [] []
[2019-12-18 14:09:38] sql.INFO: [0.63] select `Avatar` from `user` where `id` = '2' limit 1 [] []
[2019-12-18 14:09:43] sql.INFO: [0.88] select `Avatar` from `user` where `id` = '2' limit 1 [] []
[2019-12-18 14:09:48] sql.INFO: [0.5] select `Avatar` from `user` where `id` = '2' limit 1 [] []
[2019-12-18 14:09:53] sql.INFO: [0.94] select `Avatar` from `user` where `id` = '2' limit 1 [] []
[2019-12-18 14:09:58] sql.INFO: [1.93] select `Avatar` from `user` where `id` = '2' limit 1 [] []
[2019-12-18 14:10:03] sql.INFO: [0.63] select `Avatar` from `user` where `id` = '2' limit 1 [] []
[2019-12-18 14:10:08] sql.INFO: [0.87] select `Avatar` from `user` where `id` = '2' limit 1 [] []
[2019-12-18 14:10:13] sql.INFO: [2.56] select `Avatar` from `user` where `id` = '2' limit 1 [] []
[2019-12-18 14:10:18] sql.INFO: [0.57] select `Avatar` from `user` where `id` = '2' limit 1 [] []
[2019-12-18 14:10:23] sql.INFO: [0.81] select `Avatar` from `user` where `id` = '2' limit 1 [] []
[2019-12-18 14:10:28] sql.INFO: [0.87] select `Avatar` from `user` where `id` = '2' limit 1 [] []
[2019-12-18 14:10:33] sql.INFO: [4.42] select `Avatar` from `user` where `id` = '2' limit 1 [] []
[2019-12-18 14:10:38] sql.INFO: [3.04] select `Avatar` from `user` where `id` = '2' limit 1 [] []
[2019-12-18 14:10:43] sql.INFO: [0.68] select `Avatar` from `user` where `id` = '2' limit 1 [] []
[2019-12-18 14:10:48] sql.INFO: [1.68] select `Avatar` from `user` where `id` = '2' limit 1 [] []
[2019-12-18 14:10:53] sql.INFO: [1.07] select `Avatar` from `user` where `id` = '2' limit 1 [] []
[2019-12-18 14:10:58] sql.INFO: [0.87] select `Avatar` from `user` where `id` = '2' limit 1 [] []
[2019-12-18 14:11:03] sql.INFO: [0.78] select `Avatar` from `user` where `id` = '2' limit 1 [] []
[2019-12-18 14:11:08] sql.INFO: [1.05] select `Avatar` from `user` where `id` = '2' limit 1 [] []
[2019-12-18 14:11:13] sql.INFO: [0.88] select `Avatar` from `user` where `id` = '2' limit 1 [] []
[2019-12-18 14:11:18] sql.INFO: [0.89] select `Avatar` from `user` where `id` = '2' limit 1 [] []
[2019-12-18 14:11:23] sql.INFO: [0.65] select `Avatar` from `user` where `id` = '2' limit 1 [] []
[2019-12-18 14:11:28] sql.INFO: [2.21] select `Avatar` from `user` where `id` = '2' limit 1 [] []
[2019-12-18 14:11:33] sql.INFO: [0.74] select `Avatar` from `user` where `id` = '2' limit 1 [] []
[2019-12-18 14:11:38] sql.INFO: [0.95] select `Avatar` from `user` where `id` = '2' limit 1 [] []
[2019-12-18 14:11:43] sql.INFO: [0.68] select `Avatar` from `user` where `id` = '2' limit 1 [] []
[2019-12-18 14:11:48] sql.INFO: [0.91] select `Avatar` from `user` where `id` = '2' limit 1 [] []
[2019-12-18 14:11:53] sql.INFO: [0.79] select `Avatar` from `user` where `id` = '2' limit 1 [] []
[2019-12-18 14:11:58] sql.INFO: [1.06] select `Avatar` from `user` where `id` = '2' limit 1 [] []
[2019-12-18 14:12:03] sql.INFO: [5.18] select `Avatar` from `user` where `id` = '2' limit 1 [] []
[2019-12-18 14:12:08] sql.INFO: [0.74] select `Avatar` from `user` where `id` = '2' limit 1 [] []
[2019-12-18 14:12:13] sql.INFO: [0.81] select `Avatar` from `user` where `id` = '2' limit 1 [] []
[2019-12-18 14:12:18] sql.INFO: [0.9] select `Avatar` from `user` where `id` = '2' limit 1 [] []
[2019-12-18 14:12:23] sql.INFO: [0.97] select `Avatar` from `user` where `id` = '2' limit 1 [] []
[2019-12-18 14:12:28] sql.INFO: [2.35] select `Avatar` from `user` where `id` = '2' limit 1 [] []
[2019-12-18 14:12:33] sql.INFO: [0.75] select `Avatar` from `user` where `id` = '2' limit 1 [] []
[2019-12-18 14:12:38] sql.INFO: [0.72] select `Avatar` from `user` where `id` = '2' limit 1 [] []
[2019-12-18 14:12:43] sql.INFO: [0.64] select `Avatar` from `user` where `id` = '2' limit 1 [] []
[2019-12-18 14:12:48] sql.INFO: [1.98] select `Avatar` from `user` where `id` = '2' limit 1 [] []
[2019-12-18 14:12:53] sql.INFO: [0.66] select `Avatar` from `user` where `id` = '2' limit 1 [] []
[2019-12-18 14:12:58] sql.INFO: [0.72] select `Avatar` from `user` where `id` = '2' limit 1 [] []
[2019-12-18 14:13:03] sql.INFO: [3.24] select `Avatar` from `user` where `id` = '2' limit 1 [] []
[2019-12-18 14:13:08] sql.INFO: [1.77] select `Avatar` from `user` where `id` = '2' limit 1 [] []
[2019-12-18 14:13:13] sql.INFO: [0.5] select `Avatar` from `user` where `id` = '2' limit 1 [] []
[2019-12-18 14:13:18] sql.INFO: [0.82] select `Avatar` from `user` where `id` = '2' limit 1 [] []
[2019-12-18 14:13:23] sql.INFO: [1] select `Avatar` from `user` where `id` = '2' limit 1 [] []
[2019-12-18 14:13:28] sql.INFO: [0.94] select `Avatar` from `user` where `id` = '2' limit 1 [] []
[2019-12-18 14:13:33] sql.INFO: [0.8] select `Avatar` from `user` where `id` = '2' limit 1 [] []
[2019-12-18 14:13:38] sql.INFO: [0.83] select `Avatar` from `user` where `id` = '2' limit 1 [] []
[2019-12-18 14:13:43] sql.INFO: [0.7] select `Avatar` from `user` where `id` = '2' limit 1 [] []
[2019-12-18 14:13:48] sql.INFO: [0.73] select `Avatar` from `user` where `id` = '2' limit 1 [] []
[2019-12-18 14:13:53] sql.INFO: [0.77] select `Avatar` from `user` where `id` = '2' limit 1 [] []
[2019-12-18 14:13:58] sql.INFO: [0.9] select `Avatar` from `user` where `id` = '2' limit 1 [] []
[2019-12-18 14:14:03] sql.INFO: [0.58] select `Avatar` from `user` where `id` = '2' limit 1 [] []
[2019-12-18 14:14:08] sql.INFO: [1.19] select `Avatar` from `user` where `id` = '2' limit 1 [] []
[2019-12-18 14:14:13] sql.INFO: [0.91] select `Avatar` from `user` where `id` = '2' limit 1 [] []
[2019-12-18 14:14:18] sql.INFO: [0.72] select `Avatar` from `user` where `id` = '2' limit 1 [] []
[2019-12-18 14:14:23] sql.INFO: [0.94] select `Avatar` from `user` where `id` = '2' limit 1 [] []
[2019-12-18 14:14:28] sql.INFO: [1.68] select `Avatar` from `user` where `id` = '2' limit 1 [] []
[2019-12-18 14:14:33] sql.INFO: [0.9] select `Avatar` from `user` where `id` = '2' limit 1 [] []
[2019-12-18 14:14:38] sql.INFO: [0.83] select `Avatar` from `user` where `id` = '2' limit 1 [] []
[2019-12-18 14:14:43] sql.INFO: [0.98] select `Avatar` from `user` where `id` = '2' limit 1 [] []
[2019-12-18 14:14:48] sql.INFO: [0.89] select `Avatar` from `user` where `id` = '2' limit 1 [] []
[2019-12-18 14:14:53] sql.INFO: [0.77] select `Avatar` from `user` where `id` = '2' limit 1 [] []
[2019-12-18 14:14:58] sql.INFO: [0.81] select `Avatar` from `user` where `id` = '2' limit 1 [] []
[2019-12-18 14:15:03] sql.INFO: [0.99] select `Avatar` from `user` where `id` = '2' limit 1 [] []
[2019-12-18 14:15:08] sql.INFO: [1.02] select `Avatar` from `user` where `id` = '2' limit 1 [] []
[2019-12-18 14:15:13] sql.INFO: [0.76] select `Avatar` from `user` where `id` = '2' limit 1 [] []
[2019-12-18 14:15:18] sql.INFO: [0.93] select `Avatar` from `user` where `id` = '2' limit 1 [] []
[2019-12-18 14:15:23] sql.INFO: [0.79] select `Avatar` from `user` where `id` = '2' limit 1 [] []
[2019-12-18 14:15:28] sql.INFO: [0.82] select `Avatar` from `user` where `id` = '2' limit 1 [] []
[2019-12-18 14:15:33] sql.INFO: [0.66] select `Avatar` from `user` where `id` = '2' limit 1 [] []
[2019-12-18 14:15:38] sql.INFO: [0.83] select `Avatar` from `user` where `id` = '2' limit 1 [] []
[2019-12-18 14:15:43] sql.INFO: [0.91] select `Avatar` from `user` where `id` = '2' limit 1 [] []
[2019-12-18 14:15:48] sql.INFO: [0.82] select `Avatar` from `user` where `id` = '2' limit 1 [] []
[2019-12-18 14:15:53] sql.INFO: [0.58] select `Avatar` from `user` where `id` = '2' limit 1 [] []
[2019-12-18 14:15:58] sql.INFO: [0.59] select `Avatar` from `user` where `id` = '2' limit 1 [] []
[2019-12-18 14:16:03] sql.INFO: [0.53] select `Avatar` from `user` where `id` = '2' limit 1 [] []
[2019-12-18 14:16:08] sql.INFO: [0.88] select `Avatar` from `user` where `id` = '2' limit 1 [] []
[2019-12-18 14:16:13] sql.INFO: [0.78] select `Avatar` from `user` where `id` = '2' limit 1 [] []
[2019-12-18 14:16:18] sql.INFO: [0.95] select `Avatar` from `user` where `id` = '2' limit 1 [] []
[2019-12-18 14:16:23] sql.INFO: [0.7] select `Avatar` from `user` where `id` = '2' limit 1 [] []
[2019-12-18 14:16:28] sql.INFO: [0.96] select `Avatar` from `user` where `id` = '2' limit 1 [] []
[2019-12-18 14:16:33] sql.INFO: [0.71] select `Avatar` from `user` where `id` = '2' limit 1 [] []
[2019-12-18 14:16:38] sql.INFO: [1.4] select `Avatar` from `user` where `id` = '2' limit 1 [] []
[2019-12-18 14:16:43] sql.INFO: [0.9] select `Avatar` from `user` where `id` = '2' limit 1 [] []
[2019-12-18 14:16:48] sql.INFO: [1.03] select `Avatar` from `user` where `id` = '2' limit 1 [] []
[2019-12-18 14:16:53] sql.INFO: [0.87] select `Avatar` from `user` where `id` = '2' limit 1 [] []
[2019-12-18 14:16:58] sql.INFO: [0.73] select `Avatar` from `user` where `id` = '2' limit 1 [] []
[2019-12-18 14:17:03] sql.INFO: [0.82] select `Avatar` from `user` where `id` = '2' limit 1 [] []
[2019-12-18 14:17:08] sql.INFO: [0.67] select `Avatar` from `user` where `id` = '2' limit 1 [] []
[2019-12-18 14:17:13] sql.INFO: [0.68] select `Avatar` from `user` where `id` = '2' limit 1 [] []
[2019-12-18 14:17:18] sql.INFO: [0.77] select `Avatar` from `user` where `id` = '2' limit 1 [] []
[2019-12-18 14:17:23] sql.INFO: [0.62] select `Avatar` from `user` where `id` = '2' limit 1 [] []
[2019-12-18 14:17:28] sql.INFO: [0.53] select `Avatar` from `user` where `id` = '2' limit 1 [] []
[2019-12-18 14:17:33] sql.INFO: [0.7] select `Avatar` from `user` where `id` = '2' limit 1 [] []
[2019-12-18 14:17:38] sql.INFO: [1.16] select `Avatar` from `user` where `id` = '2' limit 1 [] []
[2019-12-18 14:17:43] sql.INFO: [0.68] select `Avatar` from `user` where `id` = '2' limit 1 [] []
[2019-12-18 14:17:48] sql.INFO: [0.85] select `Avatar` from `user` where `id` = '2' limit 1 [] []
[2019-12-18 14:17:53] sql.INFO: [0.79] select `Avatar` from `user` where `id` = '2' limit 1 [] []
[2019-12-18 14:17:58] sql.INFO: [0.88] select `Avatar` from `user` where `id` = '2' limit 1 [] []
[2019-12-18 14:18:03] sql.INFO: [0.89] select `Avatar` from `user` where `id` = '2' limit 1 [] []
[2019-12-18 14:18:08] sql.INFO: [0.82] select `Avatar` from `user` where `id` = '2' limit 1 [] []
[2019-12-18 14:18:13] sql.INFO: [0.86] select `Avatar` from `user` where `id` = '2' limit 1 [] []
[2019-12-18 14:18:18] sql.INFO: [0.73] select `Avatar` from `user` where `id` = '2' limit 1 [] []
[2019-12-18 14:18:23] sql.INFO: [0.78] select `Avatar` from `user` where `id` = '2' limit 1 [] []
[2019-12-18 14:18:28] sql.INFO: [0.78] select `Avatar` from `user` where `id` = '2' limit 1 [] []
[2019-12-18 14:18:33] sql.INFO: [0.85] select `Avatar` from `user` where `id` = '2' limit 1 [] []
[2019-12-18 14:18:38] sql.INFO: [1.13] select `Avatar` from `user` where `id` = '2' limit 1 [] []
[2019-12-18 14:18:43] sql.INFO: [1.06] select `Avatar` from `user` where `id` = '2' limit 1 [] []
[2019-12-18 14:18:48] sql.INFO: [0.85] select `Avatar` from `user` where `id` = '2' limit 1 [] []
[2019-12-18 14:18:53] sql.INFO: [1.14] select `Avatar` from `user` where `id` = '2' limit 1 [] []
[2019-12-18 14:18:58] sql.INFO: [0.93] select `Avatar` from `user` where `id` = '2' limit 1 [] []
[2019-12-18 14:19:03] sql.INFO: [0.86] select `Avatar` from `user` where `id` = '2' limit 1 [] []
[2019-12-18 14:19:08] sql.INFO: [0.79] select `Avatar` from `user` where `id` = '2' limit 1 [] []
[2019-12-18 14:19:13] sql.INFO: [1.04] select `Avatar` from `user` where `id` = '2' limit 1 [] []
[2019-12-18 14:19:18] sql.INFO: [0.9] select `Avatar` from `user` where `id` = '2' limit 1 [] []
[2019-12-18 14:19:23] sql.INFO: [1.05] select `Avatar` from `user` where `id` = '2' limit 1 [] []
[2019-12-18 14:19:28] sql.INFO: [0.92] select `Avatar` from `user` where `id` = '2' limit 1 [] []
[2019-12-18 14:19:33] sql.INFO: [0.8] select `Avatar` from `user` where `id` = '2' limit 1 [] []
[2019-12-18 14:19:38] sql.INFO: [0.83] select `Avatar` from `user` where `id` = '2' limit 1 [] []
[2019-12-18 14:19:43] sql.INFO: [0.88] select `Avatar` from `user` where `id` = '2' limit 1 [] []
[2019-12-18 14:19:48] sql.INFO: [0.83] select `Avatar` from `user` where `id` = '2' limit 1 [] []
[2019-12-18 14:19:53] sql.INFO: [0.97] select `Avatar` from `user` where `id` = '2' limit 1 [] []
[2019-12-18 14:19:58] sql.INFO: [0.72] select `Avatar` from `user` where `id` = '2' limit 1 [] []
[2019-12-18 14:20:03] sql.INFO: [0.77] select `Avatar` from `user` where `id` = '2' limit 1 [] []
[2019-12-18 14:20:08] sql.INFO: [1.01] select `Avatar` from `user` where `id` = '2' limit 1 [] []
[2019-12-18 14:20:13] sql.INFO: [0.65] select `Avatar` from `user` where `id` = '2' limit 1 [] []
[2019-12-18 14:20:18] sql.INFO: [0.93] select `Avatar` from `user` where `id` = '2' limit 1 [] []
[2019-12-18 14:20:23] sql.INFO: [0.88] select `Avatar` from `user` where `id` = '2' limit 1 [] []
[2019-12-18 14:20:28] sql.INFO: [0.86] select `Avatar` from `user` where `id` = '2' limit 1 [] []
[2019-12-18 14:20:33] sql.INFO: [0.73] select `Avatar` from `user` where `id` = '2' limit 1 [] []
[2019-12-18 14:20:38] sql.INFO: [0.73] select `Avatar` from `user` where `id` = '2' limit 1 [] []
[2019-12-18 14:20:43] sql.INFO: [0.53] select `Avatar` from `user` where `id` = '2' limit 1 [] []
[2019-12-18 14:20:48] sql.INFO: [0.98] select `Avatar` from `user` where `id` = '2' limit 1 [] []
[2019-12-18 14:20:53] sql.INFO: [0.77] select `Avatar` from `user` where `id` = '2' limit 1 [] []
[2019-12-18 14:20:58] sql.INFO: [0.69] select `Avatar` from `user` where `id` = '2' limit 1 [] []
[2019-12-18 14:21:03] sql.INFO: [1] select `Avatar` from `user` where `id` = '2' limit 1 [] []
[2019-12-18 14:21:08] sql.INFO: [0.99] select `Avatar` from `user` where `id` = '2' limit 1 [] []
[2019-12-18 14:21:13] sql.INFO: [0.68] select `Avatar` from `user` where `id` = '2' limit 1 [] []
[2019-12-18 14:21:18] sql.INFO: [0.9] select `Avatar` from `user` where `id` = '2' limit 1 [] []
[2019-12-18 14:21:23] sql.INFO: [0.72] select `Avatar` from `user` where `id` = '2' limit 1 [] []
[2019-12-18 14:21:28] sql.INFO: [0.86] select `Avatar` from `user` where `id` = '2' limit 1 [] []
[2019-12-18 14:21:33] sql.INFO: [0.76] select `Avatar` from `user` where `id` = '2' limit 1 [] []
[2019-12-18 14:21:38] sql.INFO: [0.79] select `Avatar` from `user` where `id` = '2' limit 1 [] []
[2019-12-18 14:21:43] sql.INFO: [0.76] select `Avatar` from `user` where `id` = '2' limit 1 [] []
[2019-12-18 14:21:48] sql.INFO: [3.58] select `Avatar` from `user` where `id` = '2' limit 1 [] []
[2019-12-18 14:21:53] sql.INFO: [0.99] select `Avatar` from `user` where `id` = '2' limit 1 [] []
[2019-12-18 14:21:58] sql.INFO: [0.82] select `Avatar` from `user` where `id` = '2' limit 1 [] []
[2019-12-18 14:22:03] sql.INFO: [0.87] select `Avatar` from `user` where `id` = '2' limit 1 [] []
[2019-12-18 14:22:08] sql.INFO: [0.79] select `Avatar` from `user` where `id` = '2' limit 1 [] []
[2019-12-18 14:22:13] sql.INFO: [0.99] select `Avatar` from `user` where `id` = '2' limit 1 [] []
[2019-12-18 14:22:18] sql.INFO: [1.59] select `Avatar` from `user` where `id` = '2' limit 1 [] []
[2019-12-18 14:22:23] sql.INFO: [0.75] select `Avatar` from `user` where `id` = '2' limit 1 [] []
[2019-12-18 14:22:28] sql.INFO: [1.1] select `Avatar` from `user` where `id` = '2' limit 1 [] []
[2019-12-18 14:22:33] sql.INFO: [0.7] select `Avatar` from `user` where `id` = '2' limit 1 [] []
[2019-12-18 14:22:38] sql.INFO: [0.77] select `Avatar` from `user` where `id` = '2' limit 1 [] []
[2019-12-18 14:22:43] sql.INFO: [0.68] select `Avatar` from `user` where `id` = '2' limit 1 [] []
[2019-12-18 14:22:48] sql.INFO: [0.87] select `Avatar` from `user` where `id` = '2' limit 1 [] []
[2019-12-18 14:22:53] sql.INFO: [1.11] select `Avatar` from `user` where `id` = '2' limit 1 [] []
[2019-12-18 14:22:58] sql.INFO: [1.04] select `Avatar` from `user` where `id` = '2' limit 1 [] []
[2019-12-18 14:23:03] sql.INFO: [0.9] select `Avatar` from `user` where `id` = '2' limit 1 [] []
[2019-12-18 14:23:08] sql.INFO: [1.01] select `Avatar` from `user` where `id` = '2' limit 1 [] []
[2019-12-18 14:23:13] sql.INFO: [1.03] select `Avatar` from `user` where `id` = '2' limit 1 [] []
[2019-12-18 14:23:18] sql.INFO: [1.02] select `Avatar` from `user` where `id` = '2' limit 1 [] []
[2019-12-18 14:23:23] sql.INFO: [0.85] select `Avatar` from `user` where `id` = '2' limit 1 [] []
[2019-12-18 14:23:28] sql.INFO: [1.03] select `Avatar` from `user` where `id` = '2' limit 1 [] []
[2019-12-18 14:23:33] sql.INFO: [0.66] select `Avatar` from `user` where `id` = '2' limit 1 [] []
[2019-12-18 14:23:38] sql.INFO: [0.9] select `Avatar` from `user` where `id` = '2' limit 1 [] []
[2019-12-18 14:23:43] sql.INFO: [1.9] select `Avatar` from `user` where `id` = '2' limit 1 [] []
[2019-12-18 14:23:48] sql.INFO: [1.07] select `Avatar` from `user` where `id` = '2' limit 1 [] []
[2019-12-18 14:23:53] sql.INFO: [0.73] select `Avatar` from `user` where `id` = '2' limit 1 [] []
[2019-12-18 14:23:58] sql.INFO: [0.98] select `Avatar` from `user` where `id` = '2' limit 1 [] []
[2019-12-18 14:24:03] sql.INFO: [0.75] select `Avatar` from `user` where `id` = '2' limit 1 [] []
[2019-12-18 14:24:08] sql.INFO: [0.76] select `Avatar` from `user` where `id` = '2' limit 1 [] []
[2019-12-18 14:24:13] sql.INFO: [0.71] select `Avatar` from `user` where `id` = '2' limit 1 [] []
[2019-12-18 14:24:18] sql.INFO: [0.99] select `Avatar` from `user` where `id` = '2' limit 1 [] []
[2019-12-18 14:24:23] sql.INFO: [0.83] select `Avatar` from `user` where `id` = '2' limit 1 [] []
[2019-12-18 14:24:28] sql.INFO: [0.84] select `Avatar` from `user` where `id` = '2' limit 1 [] []
[2019-12-18 14:24:33] sql.INFO: [1.02] select `Avatar` from `user` where `id` = '2' limit 1 [] []
[2019-12-18 14:24:38] sql.INFO: [0.74] select `Avatar` from `user` where `id` = '2' limit 1 [] []
[2019-12-18 14:24:43] sql.INFO: [0.92] select `Avatar` from `user` where `id` = '2' limit 1 [] []
[2019-12-18 14:24:48] sql.INFO: [1.16] select `Avatar` from `user` where `id` = '2' limit 1 [] []
[2019-12-18 14:24:53] sql.INFO: [0.82] select `Avatar` from `user` where `id` = '2' limit 1 [] []
[2019-12-18 14:24:58] sql.INFO: [1.2] select `Avatar` from `user` where `id` = '2' limit 1 [] []
[2019-12-18 14:25:03] sql.INFO: [0.7] select `Avatar` from `user` where `id` = '2' limit 1 [] []
[2019-12-18 14:25:08] sql.INFO: [0.81] select `Avatar` from `user` where `id` = '2' limit 1 [] []
[2019-12-18 14:25:13] sql.INFO: [0.81] select `Avatar` from `user` where `id` = '2' limit 1 [] []
[2019-12-18 14:25:18] sql.INFO: [1.01] select `Avatar` from `user` where `id` = '2' limit 1 [] []
[2019-12-18 14:25:23] sql.INFO: [0.52] select `Avatar` from `user` where `id` = '2' limit 1 [] []
[2019-12-18 14:25:28] sql.INFO: [0.92] select `Avatar` from `user` where `id` = '2' limit 1 [] []
[2019-12-18 14:25:33] sql.INFO: [0.79] select `Avatar` from `user` where `id` = '2' limit 1 [] []
[2019-12-18 14:25:38] sql.INFO: [0.9] select `Avatar` from `user` where `id` = '2' limit 1 [] []
[2019-12-18 14:25:43] sql.INFO: [0.94] select `Avatar` from `user` where `id` = '2' limit 1 [] []
[2019-12-18 14:25:48] sql.INFO: [0.74] select `Avatar` from `user` where `id` = '2' limit 1 [] []
[2019-12-18 14:25:53] sql.INFO: [0.85] select `Avatar` from `user` where `id` = '2' limit 1 [] []
